<?xml version="1.0" encoding="UTF-8"?>
<testng-results ignored="0" total="1" passed="1" failed="0" skipped="0">
  <reporter-output>
  </reporter-output>
  <suite started-at="2023-09-20T02:14:04 BDT" name="Default suite" finished-at="2023-09-20T02:14:06 BDT" duration-ms="1673">
    <groups>
    </groups>
    <test started-at="2023-09-20T02:14:04 BDT" name="Default test" finished-at="2023-09-20T02:14:06 BDT" duration-ms="1673">
      <class name="GetRequest.GetData">
        <test-method signature="testResponse()[pri:0, instance:GetRequest.GetData@73700b80]" started-at="2023-09-20T02:14:04 BDT" name="testResponse" finished-at="2023-09-20T02:14:06 BDT" duration-ms="1619" status="PASS">
          <reporter-output>
          </reporter-output>
        </test-method> <!-- testResponse -->
      </class> <!-- GetRequest.GetData -->
    </test> <!-- Default test -->
  </suite> <!-- Default suite -->
</testng-results>
